2025-11-19 01:49:46,977 - __main__ - INFO - Database connection established
2025-11-19 01:49:46,977 - src.data_sources.cache_manager - INFO - CacheManager initialized: cache_dir=cache/market_data, expiry_days=1, l1_max_size=100
2025-11-19 01:49:46,990 - __main__ - INFO - CacheManager initialized: CacheManager(L1=0/100, L2=745 records, L3=3 files)
2025-11-19 01:49:46,991 - src.indicators.calculator - INFO - IndicatorCalculator initialized
2025-11-19 01:49:46,991 - __main__ - INFO - IndicatorCalculator ready: IndicatorCalculator(RSI, MACD, BB, ATR, MA)
2025-11-19 01:49:46,991 - __main__ - INFO - Processing specified symbols: ['AAPL']
2025-11-19 01:49:46,991 - __main__ - INFO - Starting indicator calculation for 1 symbols...
2025-11-19 01:49:46,991 - __main__ - INFO - [1/1] Processing AAPL...
2025-11-19 01:49:46,991 - __main__ - ERROR -   Failed to process AAPL: name 'pd' is not defined
Traceback (most recent call last):
  File "/Users/benzema/Desktop/tradingcoach/scripts/calculate_indicators.py", line 93, in calculate_indicators_for_symbols
    start_date = end_date - pd.Timedelta(days=400)
NameError: name 'pd' is not defined
2025-11-19 01:50:15,139 - __main__ - INFO - Database connection established
2025-11-19 01:50:15,139 - src.data_sources.cache_manager - INFO - CacheManager initialized: cache_dir=cache/market_data, expiry_days=1, l1_max_size=100
2025-11-19 01:50:15,152 - __main__ - INFO - CacheManager initialized: CacheManager(L1=0/100, L2=745 records, L3=3 files)
2025-11-19 01:50:15,152 - src.indicators.calculator - INFO - IndicatorCalculator initialized
2025-11-19 01:50:15,152 - __main__ - INFO - IndicatorCalculator ready: IndicatorCalculator(RSI, MACD, BB, ATR, MA)
2025-11-19 01:50:15,152 - __main__ - INFO - Processing specified symbols: ['AAPL']
2025-11-19 01:50:15,152 - __main__ - INFO - Starting indicator calculation for 1 symbols...
2025-11-19 01:50:15,152 - __main__ - INFO - [1/1] Processing AAPL...
2025-11-19 01:50:15,161 - __main__ - INFO -   Found 275 records for AAPL
2025-11-19 01:50:15,166 - src.indicators.calculator - INFO - Calculated all indicators for 275 records
2025-11-19 01:50:15,244 - src.indicators.calculator - INFO - Updated 275 records for AAPL
2025-11-19 01:50:15,244 - __main__ - INFO -   Updated 275 records for AAPL
2025-11-20 14:29:46,471 - __main__ - INFO - Database connection established
2025-11-20 14:29:46,471 - src.data_sources.cache_manager - INFO - CacheManager initialized: cache_dir=cache/market_data, expiry_days=1, l1_max_size=100
2025-11-20 14:29:46,484 - __main__ - INFO - CacheManager initialized: CacheManager(L1=0/100, L2=745 records, L3=3 files)
2025-11-20 14:29:46,484 - src.indicators.calculator - INFO - IndicatorCalculator initialized
2025-11-20 14:29:46,484 - __main__ - INFO - IndicatorCalculator ready: IndicatorCalculator(RSI, MACD, BB, ATR, MA)
2025-11-20 14:29:46,484 - __main__ - INFO - Processing specified symbols: ['TSLL', 'FIG', 'MSFT', 'TSLA']
2025-11-20 14:29:46,484 - __main__ - INFO - Starting indicator calculation for 4 symbols...
2025-11-20 14:29:46,484 - __main__ - INFO - [1/4] Processing TSLL...
2025-11-20 14:29:46,492 - __main__ - INFO -   Found 274 records for TSLL
2025-11-20 14:29:46,496 - src.indicators.calculator - INFO - Calculated all indicators for 274 records
2025-11-20 14:29:46,575 - src.indicators.calculator - INFO - Updated 274 records for TSLL
2025-11-20 14:29:46,575 - __main__ - INFO -   Updated 274 records for TSLL
2025-11-20 14:29:46,575 - __main__ - INFO - [2/4] Processing FIG...
2025-11-20 14:29:46,576 - __main__ - WARNING -   No data found for FIG, skipping
2025-11-20 14:29:46,576 - __main__ - INFO - [3/4] Processing MSFT...
2025-11-20 14:29:46,576 - __main__ - WARNING -   No data found for MSFT, skipping
2025-11-20 14:29:46,576 - __main__ - INFO - [4/4] Processing TSLA...
2025-11-20 14:29:46,576 - __main__ - WARNING -   No data found for TSLA, skipping
2025-11-20 14:29:59,702 - __main__ - INFO - Database connection established
2025-11-20 14:29:59,702 - src.data_sources.cache_manager - INFO - CacheManager initialized: cache_dir=cache/market_data, expiry_days=1, l1_max_size=100
2025-11-20 14:29:59,715 - __main__ - INFO - CacheManager initialized: CacheManager(L1=0/100, L2=745 records, L3=3 files)
2025-11-20 14:29:59,715 - src.indicators.calculator - INFO - IndicatorCalculator initialized
2025-11-20 14:29:59,715 - __main__ - INFO - IndicatorCalculator ready: IndicatorCalculator(RSI, MACD, BB, ATR, MA)
2025-11-20 14:29:59,716 - __main__ - INFO - Processing all symbols from database: 99 symbols
2025-11-20 14:29:59,716 - __main__ - INFO - Starting indicator calculation for 99 symbols...
2025-11-20 14:29:59,716 - __main__ - INFO - [1/99] Processing 00700...
2025-11-20 14:29:59,718 - __main__ - WARNING -   No data found for 00700, skipping
2025-11-20 14:29:59,718 - __main__ - INFO - [2/99] Processing 01810...
2025-11-20 14:29:59,718 - __main__ - WARNING -   No data found for 01810, skipping
2025-11-20 14:29:59,718 - __main__ - INFO - [3/99] Processing 02097...
2025-11-20 14:29:59,718 - __main__ - WARNING -   No data found for 02097, skipping
2025-11-20 14:29:59,718 - __main__ - INFO - [4/99] Processing 03690...
2025-11-20 14:29:59,718 - __main__ - WARNING -   No data found for 03690, skipping
2025-11-20 14:29:59,718 - __main__ - INFO - [5/99] Processing 09988...
2025-11-20 14:29:59,718 - __main__ - WARNING -   No data found for 09988, skipping
2025-11-20 14:29:59,718 - __main__ - INFO - [6/99] Processing 18099...
2025-11-20 14:29:59,718 - __main__ - WARNING -   No data found for 18099, skipping
2025-11-20 14:29:59,718 - __main__ - INFO - [7/99] Processing AAPL...
2025-11-20 14:29:59,729 - __main__ - INFO -   Found 274 records for AAPL
2025-11-20 14:29:59,733 - src.indicators.calculator - INFO - Calculated all indicators for 274 records
2025-11-20 14:29:59,811 - src.indicators.calculator - INFO - Updated 274 records for AAPL
2025-11-20 14:29:59,811 - __main__ - INFO -   Updated 274 records for AAPL
2025-11-20 14:29:59,811 - __main__ - INFO - [8/99] Processing AAPL250404C227500...
2025-11-20 14:29:59,812 - __main__ - WARNING -   No data found for AAPL250404C227500, skipping
2025-11-20 14:29:59,812 - __main__ - INFO - [9/99] Processing AAPL250502C230000...
2025-11-20 14:29:59,812 - __main__ - WARNING -   No data found for AAPL250502C230000, skipping
2025-11-20 14:29:59,812 - __main__ - INFO - [10/99] Processing AAPL250718C205000...
2025-11-20 14:29:59,812 - __main__ - WARNING -   No data found for AAPL250718C205000, skipping
2025-11-20 14:29:59,812 - __main__ - INFO - [11/99] Processing AAPL260116C215000...
2025-11-20 14:29:59,812 - __main__ - WARNING -   No data found for AAPL260116C215000, skipping
2025-11-20 14:29:59,812 - __main__ - INFO - [12/99] Processing AAPL260116C235000...
2025-11-20 14:29:59,813 - __main__ - WARNING -   No data found for AAPL260116C235000, skipping
2025-11-20 14:29:59,813 - __main__ - INFO - [13/99] Processing ALB250403P125000...
2025-11-20 14:29:59,813 - __main__ - WARNING -   No data found for ALB250403P125000, skipping
2025-11-20 14:29:59,813 - __main__ - INFO - [14/99] Processing AMZN...
2025-11-20 14:29:59,813 - __main__ - WARNING -   No data found for AMZN, skipping
2025-11-20 14:29:59,813 - __main__ - INFO - [15/99] Processing AMZN250815C205000...
2025-11-20 14:29:59,813 - __main__ - WARNING -   No data found for AMZN250815C205000, skipping
2025-11-20 14:29:59,813 - __main__ - INFO - [16/99] Processing AMZN250815C215000...
2025-11-20 14:29:59,813 - __main__ - WARNING -   No data found for AMZN250815C215000, skipping
2025-11-20 14:29:59,813 - __main__ - INFO - [17/99] Processing AMZN260618C250000...
2025-11-20 14:29:59,813 - __main__ - WARNING -   No data found for AMZN260618C250000, skipping
2025-11-20 14:29:59,813 - __main__ - INFO - [18/99] Processing AMZN260618P195000...
2025-11-20 14:29:59,814 - __main__ - WARNING -   No data found for AMZN260618P195000, skipping
2025-11-20 14:29:59,814 - __main__ - INFO - [19/99] Processing BIDU...
2025-11-20 14:29:59,814 - __main__ - WARNING -   No data found for BIDU, skipping
2025-11-20 14:29:59,814 - __main__ - INFO - [20/99] Processing BIDU250404P87000...
2025-11-20 14:29:59,814 - __main__ - WARNING -   No data found for BIDU250404P87000, skipping
2025-11-20 14:29:59,814 - __main__ - INFO - [21/99] Processing BIDU250919P70000...
2025-11-20 14:29:59,814 - __main__ - WARNING -   No data found for BIDU250919P70000, skipping
2025-11-20 14:29:59,814 - __main__ - INFO - [22/99] Processing BIDU251219C150000...
2025-11-20 14:29:59,814 - __main__ - WARNING -   No data found for BIDU251219C150000, skipping
2025-11-20 14:29:59,814 - __main__ - INFO - [23/99] Processing BIDU260116C140000...
2025-11-20 14:29:59,814 - __main__ - WARNING -   No data found for BIDU260116C140000, skipping
2025-11-20 14:29:59,814 - __main__ - INFO - [24/99] Processing BIDU260116C175000...
2025-11-20 14:29:59,815 - __main__ - WARNING -   No data found for BIDU260116C175000, skipping
2025-11-20 14:29:59,815 - __main__ - INFO - [25/99] Processing BIDU260320P105000...
2025-11-20 14:29:59,815 - __main__ - WARNING -   No data found for BIDU260320P105000, skipping
2025-11-20 14:29:59,815 - __main__ - INFO - [26/99] Processing BIDU260618P105000...
2025-11-20 14:29:59,815 - __main__ - WARNING -   No data found for BIDU260618P105000, skipping
2025-11-20 14:29:59,815 - __main__ - INFO - [27/99] Processing BIIB...
2025-11-20 14:29:59,815 - __main__ - WARNING -   No data found for BIIB, skipping
2025-11-20 14:29:59,815 - __main__ - INFO - [28/99] Processing BMNR...
2025-11-20 14:29:59,815 - __main__ - WARNING -   No data found for BMNR, skipping
2025-11-20 14:29:59,815 - __main__ - INFO - [29/99] Processing BRK.B...
2025-11-20 14:29:59,815 - __main__ - WARNING -   No data found for BRK.B, skipping
2025-11-20 14:29:59,815 - __main__ - INFO - [30/99] Processing BRKB251219C500000...
2025-11-20 14:29:59,816 - __main__ - WARNING -   No data found for BRKB251219C500000, skipping
2025-11-20 14:29:59,816 - __main__ - INFO - [31/99] Processing BRKB251219P440000...
2025-11-20 14:29:59,816 - __main__ - WARNING -   No data found for BRKB251219P440000, skipping
2025-11-20 14:29:59,816 - __main__ - INFO - [32/99] Processing CONL...
2025-11-20 14:29:59,816 - __main__ - WARNING -   No data found for CONL, skipping
2025-11-20 14:29:59,816 - __main__ - INFO - [33/99] Processing DJT...
2025-11-20 14:29:59,816 - __main__ - WARNING -   No data found for DJT, skipping
2025-11-20 14:29:59,816 - __main__ - INFO - [34/99] Processing FBL...
2025-11-20 14:29:59,816 - __main__ - WARNING -   No data found for FBL, skipping
2025-11-20 14:29:59,816 - __main__ - INFO - [35/99] Processing FIG...
2025-11-20 14:29:59,817 - __main__ - WARNING -   No data found for FIG, skipping
2025-11-20 14:29:59,817 - __main__ - INFO - [36/99] Processing GLD250516P270000...
2025-11-20 14:29:59,817 - __main__ - WARNING -   No data found for GLD250516P270000, skipping
2025-11-20 14:29:59,817 - __main__ - INFO - [37/99] Processing GOOGL...
2025-11-20 14:29:59,817 - __main__ - WARNING -   No data found for GOOGL, skipping
2025-11-20 14:29:59,817 - __main__ - INFO - [38/99] Processing GOOGL250718C185000...
2025-11-20 14:29:59,818 - __main__ - WARNING -   No data found for GOOGL250718C185000, skipping
2025-11-20 14:29:59,818 - __main__ - INFO - [39/99] Processing GOOGL260116C180000...
2025-11-20 14:29:59,818 - __main__ - WARNING -   No data found for GOOGL260116C180000, skipping
2025-11-20 14:29:59,818 - __main__ - INFO - [40/99] Processing HIMS...
2025-11-20 14:29:59,818 - __main__ - WARNING -   No data found for HIMS, skipping
2025-11-20 14:29:59,818 - __main__ - INFO - [41/99] Processing HIMS260618C60000...
2025-11-20 14:29:59,818 - __main__ - WARNING -   No data found for HIMS260618C60000, skipping
2025-11-20 14:29:59,818 - __main__ - INFO - [42/99] Processing INOD...
2025-11-20 14:29:59,818 - __main__ - WARNING -   No data found for INOD, skipping
2025-11-20 14:29:59,818 - __main__ - INFO - [43/99] Processing MIU250328P50000...
2025-11-20 14:29:59,818 - __main__ - WARNING -   No data found for MIU250328P50000, skipping
2025-11-20 14:29:59,818 - __main__ - INFO - [44/99] Processing MIU250328P52500...
2025-11-20 14:29:59,819 - __main__ - WARNING -   No data found for MIU250328P52500, skipping
2025-11-20 14:29:59,819 - __main__ - INFO - [45/99] Processing MIU250429C50000...
2025-11-20 14:29:59,819 - __main__ - WARNING -   No data found for MIU250429C50000, skipping
2025-11-20 14:29:59,819 - __main__ - INFO - [46/99] Processing MIU250429C52500...
2025-11-20 14:29:59,819 - __main__ - WARNING -   No data found for MIU250429C52500, skipping
2025-11-20 14:29:59,819 - __main__ - INFO - [47/99] Processing MIU250429P43000...
2025-11-20 14:29:59,819 - __main__ - WARNING -   No data found for MIU250429P43000, skipping
2025-11-20 14:29:59,819 - __main__ - INFO - [48/99] Processing MIU250429P45000...
2025-11-20 14:29:59,819 - __main__ - WARNING -   No data found for MIU250429P45000, skipping
2025-11-20 14:29:59,819 - __main__ - INFO - [49/99] Processing MIU250429P55000...
2025-11-20 14:29:59,820 - __main__ - WARNING -   No data found for MIU250429P55000, skipping
2025-11-20 14:29:59,820 - __main__ - INFO - [50/99] Processing MIU251030C55000...
2025-11-20 14:29:59,820 - __main__ - WARNING -   No data found for MIU251030C55000, skipping
2025-11-20 14:29:59,820 - __main__ - INFO - [51/99] Processing MSTR...
2025-11-20 14:29:59,820 - __main__ - WARNING -   No data found for MSTR, skipping
2025-11-20 14:29:59,820 - __main__ - INFO - [52/99] Processing MSTR260116P300000...
2025-11-20 14:29:59,820 - __main__ - WARNING -   No data found for MSTR260116P300000, skipping
2025-11-20 14:29:59,820 - __main__ - INFO - [53/99] Processing MSTU...
2025-11-20 14:29:59,820 - __main__ - WARNING -   No data found for MSTU, skipping
2025-11-20 14:29:59,820 - __main__ - INFO - [54/99] Processing NVDA...
2025-11-20 14:29:59,820 - __main__ - WARNING -   No data found for NVDA, skipping
2025-11-20 14:29:59,820 - __main__ - INFO - [55/99] Processing NVDA250207C120000...
2025-11-20 14:29:59,821 - __main__ - WARNING -   No data found for NVDA250207C120000, skipping
2025-11-20 14:29:59,821 - __main__ - INFO - [56/99] Processing NVDA250214C120000...
2025-11-20 14:29:59,821 - __main__ - WARNING -   No data found for NVDA250214C120000, skipping
2025-11-20 14:29:59,821 - __main__ - INFO - [57/99] Processing NVDL...
2025-11-20 14:29:59,821 - __main__ - WARNING -   No data found for NVDL, skipping
2025-11-20 14:29:59,821 - __main__ - INFO - [58/99] Processing OPEN260220C12000...
2025-11-20 14:29:59,821 - __main__ - WARNING -   No data found for OPEN260220C12000, skipping
2025-11-20 14:29:59,821 - __main__ - INFO - [59/99] Processing OSCR...
2025-11-20 14:29:59,821 - __main__ - WARNING -   No data found for OSCR, skipping
2025-11-20 14:29:59,821 - __main__ - INFO - [60/99] Processing OSCR260320C15000...
2025-11-20 14:29:59,821 - __main__ - WARNING -   No data found for OSCR260320C15000, skipping
2025-11-20 14:29:59,821 - __main__ - INFO - [61/99] Processing PLTR...
2025-11-20 14:29:59,822 - __main__ - WARNING -   No data found for PLTR, skipping
2025-11-20 14:29:59,822 - __main__ - INFO - [62/99] Processing PLTR250228P100000...
2025-11-20 14:29:59,822 - __main__ - WARNING -   No data found for PLTR250228P100000, skipping
2025-11-20 14:29:59,822 - __main__ - INFO - [63/99] Processing SBUX260116C100000...
2025-11-20 14:29:59,822 - __main__ - WARNING -   No data found for SBUX260116C100000, skipping
2025-11-20 14:29:59,822 - __main__ - INFO - [64/99] Processing SGOV...
2025-11-20 14:29:59,822 - __main__ - WARNING -   No data found for SGOV, skipping
2025-11-20 14:29:59,822 - __main__ - INFO - [65/99] Processing SOXL...
2025-11-20 14:29:59,822 - __main__ - WARNING -   No data found for SOXL, skipping
2025-11-20 14:29:59,822 - __main__ - INFO - [66/99] Processing SPY250321C565000...
2025-11-20 14:29:59,823 - __main__ - WARNING -   No data found for SPY250321C565000, skipping
2025-11-20 14:29:59,823 - __main__ - INFO - [67/99] Processing SVIX...
2025-11-20 14:29:59,823 - __main__ - WARNING -   No data found for SVIX, skipping
2025-11-20 14:29:59,823 - __main__ - INFO - [68/99] Processing SVIX250620C21000...
2025-11-20 14:29:59,823 - __main__ - WARNING -   No data found for SVIX250620C21000, skipping
2025-11-20 14:29:59,823 - __main__ - INFO - [69/99] Processing SVXY...
2025-11-20 14:29:59,823 - __main__ - WARNING -   No data found for SVXY, skipping
2025-11-20 14:29:59,823 - __main__ - INFO - [70/99] Processing TCH250214P410000...
2025-11-20 14:29:59,823 - __main__ - WARNING -   No data found for TCH250214P410000, skipping
2025-11-20 14:29:59,823 - __main__ - INFO - [71/99] Processing TCH250227P400000...
2025-11-20 14:29:59,823 - __main__ - WARNING -   No data found for TCH250227P400000, skipping
2025-11-20 14:29:59,823 - __main__ - INFO - [72/99] Processing TLT241021C95000...
2025-11-20 14:29:59,824 - __main__ - WARNING -   No data found for TLT241021C95000, skipping
2025-11-20 14:29:59,824 - __main__ - INFO - [73/99] Processing TQQQ...
2025-11-20 14:29:59,824 - __main__ - WARNING -   No data found for TQQQ, skipping
2025-11-20 14:29:59,824 - __main__ - INFO - [74/99] Processing TSLA...
2025-11-20 14:29:59,824 - __main__ - WARNING -   No data found for TSLA, skipping
2025-11-20 14:29:59,824 - __main__ - INFO - [75/99] Processing TSLA250307C395000...
2025-11-20 14:29:59,824 - __main__ - WARNING -   No data found for TSLA250307C395000, skipping
2025-11-20 14:29:59,824 - __main__ - INFO - [76/99] Processing TSLA250307P395000...
2025-11-20 14:29:59,824 - __main__ - WARNING -   No data found for TSLA250307P395000, skipping
2025-11-20 14:29:59,824 - __main__ - INFO - [77/99] Processing TSLA250314C380000...
2025-11-20 14:29:59,824 - __main__ - WARNING -   No data found for TSLA250314C380000, skipping
2025-11-20 14:29:59,824 - __main__ - INFO - [78/99] Processing TSLA250321P215000...
2025-11-20 14:29:59,825 - __main__ - WARNING -   No data found for TSLA250321P215000, skipping
2025-11-20 14:29:59,825 - __main__ - INFO - [79/99] Processing TSLA250328C250000...
2025-11-20 14:29:59,825 - __main__ - WARNING -   No data found for TSLA250328C250000, skipping
2025-11-20 14:29:59,825 - __main__ - INFO - [80/99] Processing TSLA250328P235000...
2025-11-20 14:29:59,825 - __main__ - WARNING -   No data found for TSLA250328P235000, skipping
2025-11-20 14:29:59,825 - __main__ - INFO - [81/99] Processing TSLA250328P250000...
2025-11-20 14:29:59,825 - __main__ - WARNING -   No data found for TSLA250328P250000, skipping
2025-11-20 14:29:59,825 - __main__ - INFO - [82/99] Processing TSLA250411P250000...
2025-11-20 14:29:59,825 - __main__ - WARNING -   No data found for TSLA250411P250000, skipping
2025-11-20 14:29:59,825 - __main__ - INFO - [83/99] Processing TSLA250417C240000...
2025-11-20 14:29:59,825 - __main__ - WARNING -   No data found for TSLA250417C240000, skipping
2025-11-20 14:29:59,825 - __main__ - INFO - [84/99] Processing TSLA250417C265000...
2025-11-20 14:29:59,826 - __main__ - WARNING -   No data found for TSLA250417C265000, skipping
2025-11-20 14:29:59,826 - __main__ - INFO - [85/99] Processing TSLA250417C320000...
2025-11-20 14:29:59,826 - __main__ - WARNING -   No data found for TSLA250417C320000, skipping
2025-11-20 14:29:59,826 - __main__ - INFO - [86/99] Processing TSLA250417C370000...
2025-11-20 14:29:59,826 - __main__ - WARNING -   No data found for TSLA250417C370000, skipping
2025-11-20 14:29:59,826 - __main__ - INFO - [87/99] Processing TSLA250502P200000...
2025-11-20 14:29:59,826 - __main__ - WARNING -   No data found for TSLA250502P200000, skipping
2025-11-20 14:29:59,826 - __main__ - INFO - [88/99] Processing TSLA250516P220000...
2025-11-20 14:29:59,826 - __main__ - WARNING -   No data found for TSLA250516P220000, skipping
2025-11-20 14:29:59,826 - __main__ - INFO - [89/99] Processing TSLL...
2025-11-20 14:29:59,831 - __main__ - INFO -   Found 274 records for TSLL
2025-11-20 14:29:59,833 - src.indicators.calculator - INFO - Calculated all indicators for 274 records
2025-11-20 14:29:59,909 - src.indicators.calculator - INFO - Updated 274 records for TSLL
2025-11-20 14:29:59,909 - __main__ - INFO -   Updated 274 records for TSLL
2025-11-20 14:29:59,909 - __main__ - INFO - [90/99] Processing TSM...
2025-11-20 14:29:59,910 - __main__ - WARNING -   No data found for TSM, skipping
2025-11-20 14:29:59,910 - __main__ - INFO - [91/99] Processing TSM250417C220000...
2025-11-20 14:29:59,910 - __main__ - WARNING -   No data found for TSM250417C220000, skipping
2025-11-20 14:29:59,910 - __main__ - INFO - [92/99] Processing TSM250417P220000...
2025-11-20 14:29:59,910 - __main__ - WARNING -   No data found for TSM250417P220000, skipping
2025-11-20 14:29:59,910 - __main__ - INFO - [93/99] Processing TSM250620C170000...
2025-11-20 14:29:59,910 - __main__ - WARNING -   No data found for TSM250620C170000, skipping
2025-11-20 14:29:59,910 - __main__ - INFO - [94/99] Processing TSM250620P170000...
2025-11-20 14:29:59,910 - __main__ - WARNING -   No data found for TSM250620P170000, skipping
2025-11-20 14:29:59,910 - __main__ - INFO - [95/99] Processing TSM250815C170000...
2025-11-20 14:29:59,911 - __main__ - WARNING -   No data found for TSM250815C170000, skipping
2025-11-20 14:29:59,911 - __main__ - INFO - [96/99] Processing UNH...
2025-11-20 14:29:59,911 - __main__ - WARNING -   No data found for UNH, skipping
2025-11-20 14:29:59,911 - __main__ - INFO - [97/99] Processing VIX250219C19000...
2025-11-20 14:29:59,911 - __main__ - WARNING -   No data found for VIX250219C19000, skipping
2025-11-20 14:29:59,911 - __main__ - INFO - [98/99] Processing VIX250521P22000...
2025-11-20 14:29:59,911 - __main__ - WARNING -   No data found for VIX250521P22000, skipping
2025-11-20 14:29:59,911 - __main__ - INFO - [99/99] Processing YINN...
2025-11-20 14:29:59,911 - __main__ - WARNING -   No data found for YINN, skipping
